<?xml version="1.0" encoding="UTF-8"?>
<!-- Generated by org.testng.reporters.JUnitXMLReporter -->
<testsuite hostname="DESKTOP-VF09DEB" ignored="0" name="UI QA Code Challange Test cases" tests="23" failures="0" timestamp="2020-11-01T18:37:16 MST" time="167.168" errors="0">
  <testcase name="loginTest" time="1.411" classname="com.hero.qa.testcases.LoginPageTest"/>
  <testcase name="UserNameInvalid1" time="0.954" classname="com.hero.qa.testcases.LoginPageTest"/>
  <testcase name="UserNameInvalid2" time="0.754" classname="com.hero.qa.testcases.LoginPageTest"/>
  <testcase name="UserNameInvalid3" time="0.951" classname="com.hero.qa.testcases.LoginPageTest"/>
  <testcase name="UserNameInvalid4" time="1.019" classname="com.hero.qa.testcases.LoginPageTest"/>
  <testcase name="UserNameInvalid5" time="0.894" classname="com.hero.qa.testcases.LoginPageTest"/>
  <testcase name="UserNameInvalid6" time="0.72" classname="com.hero.qa.testcases.LoginPageTest"/>
  <testcase name="UserNameInvalid7" time="0.702" classname="com.hero.qa.testcases.LoginPageTest"/>
  <testcase name="UserNameInvalid8" time="0.755" classname="com.hero.qa.testcases.LoginPageTest"/>
  <testcase name="UserNameInvalid9" time="0.891" classname="com.hero.qa.testcases.LoginPageTest"/>
  <testcase name="UserNameInvalid10" time="0.732" classname="com.hero.qa.testcases.LoginPageTest"/>
  <testcase name="UserNameInvalid11" time="0.725" classname="com.hero.qa.testcases.LoginPageTest"/>
  <testcase name="UserNameInvalid12" time="0.833" classname="com.hero.qa.testcases.LoginPageTest"/>
  <testcase name="UserNameInvalid13" time="0.794" classname="com.hero.qa.testcases.LoginPageTest"/>
  <testcase name="UserNameInvalid14" time="0.83" classname="com.hero.qa.testcases.LoginPageTest"/>
  <testcase name="UserNameInvalid15" time="0.723" classname="com.hero.qa.testcases.LoginPageTest"/>
  <testcase name="UserNameInvalid16" time="0.729" classname="com.hero.qa.testcases.LoginPageTest"/>
  <testcase name="UserNameInvalid17" time="0.862" classname="com.hero.qa.testcases.LoginPageTest"/>
  <testcase name="saveContactWithNoValueAdded" time="1.53" classname="com.hero.qa.testcases.SecureTest"/>
  <testcase name="sortByLastName" time="0.743" classname="com.hero.qa.testcases.TablesTest"/>
  <testcase name="sortByFirstName" time="0.772" classname="com.hero.qa.testcases.TablesTest"/>
  <testcase name="VerifyNewtabCreated" time="0.202" classname="com.hero.qa.testcases.WindowsTest"/>
  <testcase name="VerifyDynamicControls" time="7.358" classname="com.hero.qa.testcases.DynamicControlsTest"/>
</testsuite> <!-- UI QA Code Challange Test cases -->
