<?xml version="1.0" encoding="UTF-8"?>
<!-- Generated by org.testng.reporters.JUnitXMLReporter -->
<testsuite hostname="DESKTOP-VF09DEB" ignored="0" name="UI QA Code Challange Test cases" tests="7" failures="0" timestamp="2020-11-01T23:28:33 MST" time="78.588" errors="0">
  <testcase name="validateLogin" time="14.142" classname="com.hero.qa.testcases.LoginPageTest"/>
  <testcase name="saveContactWithNoValueAdded" time="1.462" classname="com.hero.qa.testcases.SecureTest"/>
  <testcase name="sortByLastName" time="0.837" classname="com.hero.qa.testcases.TablesTest"/>
  <testcase name="sortByFirstName" time="0.731" classname="com.hero.qa.testcases.TablesTest"/>
  <testcase name="VerifyNewtabCreated" time="0.192" classname="com.hero.qa.testcases.WindowsTest"/>
  <testcase name="VerifyDynamicControls" time="7.373" classname="com.hero.qa.testcases.DynamicControlsTest"/>
  <testcase name="verifyExitIntent" time="0.445" classname="com.hero.qa.testcases.ExitIntentTest"/>
</testsuite> <!-- UI QA Code Challange Test cases -->
