<?xml version="1.0" encoding="UTF-8"?>
<testng-results skipped="0" failed="0" ignored="0" total="23" passed="23">
  <reporter-output>
  </reporter-output>
  <suite name="Test UI QA Code Challange" duration-ms="167168" started-at="2020-11-01T18:34:29 MST" finished-at="2020-11-01T18:37:16 MST">
    <groups>
    </groups>
    <test name="UI QA Code Challange Test cases" duration-ms="167168" started-at="2020-11-01T18:34:29 MST" finished-at="2020-11-01T18:37:16 MST">
      <class name="com.hero.qa.testcases.WindowsTest">
        <test-method status="PASS" signature="setUp()[pri:0, instance:com.hero.qa.testcases.WindowsTest@33f88ab]" name="setUp" is-config="true" duration-ms="4968" started-at="2020-11-01T18:36:56 MST" finished-at="2020-11-01T18:37:01 MST">
          <reporter-output>
          </reporter-output>
        </test-method> <!-- setUp -->
        <test-method status="PASS" signature="VerifyNewtabCreated()[pri:0, instance:com.hero.qa.testcases.WindowsTest@33f88ab]" name="VerifyNewtabCreated" duration-ms="202" started-at="2020-11-01T18:37:01 MST" finished-at="2020-11-01T18:37:01 MST">
          <reporter-output>
          </reporter-output>
        </test-method> <!-- VerifyNewtabCreated -->
        <test-method status="PASS" signature="tearDown()[pri:0, instance:com.hero.qa.testcases.WindowsTest@33f88ab]" name="tearDown" is-config="true" duration-ms="1179" started-at="2020-11-01T18:37:01 MST" finished-at="2020-11-01T18:37:02 MST">
          <reporter-output>
          </reporter-output>
        </test-method> <!-- tearDown -->
      </class> <!-- com.hero.qa.testcases.WindowsTest -->
      <class name="com.hero.qa.testcases.TablesTest">
        <test-method status="PASS" signature="setUp()[pri:0, instance:com.hero.qa.testcases.TablesTest@2833cc44]" name="setUp" is-config="true" duration-ms="5667" started-at="2020-11-01T18:36:43 MST" finished-at="2020-11-01T18:36:48 MST">
          <reporter-output>
          </reporter-output>
        </test-method> <!-- setUp -->
        <test-method status="PASS" signature="sortByLastName()[pri:1, instance:com.hero.qa.testcases.TablesTest@2833cc44]" name="sortByLastName" duration-ms="743" started-at="2020-11-01T18:36:48 MST" finished-at="2020-11-01T18:36:49 MST">
          <reporter-output>
          </reporter-output>
        </test-method> <!-- sortByLastName -->
        <test-method status="PASS" signature="tearDown()[pri:0, instance:com.hero.qa.testcases.TablesTest@2833cc44]" name="tearDown" is-config="true" duration-ms="663" started-at="2020-11-01T18:36:49 MST" finished-at="2020-11-01T18:36:50 MST">
          <reporter-output>
          </reporter-output>
        </test-method> <!-- tearDown -->
        <test-method status="PASS" signature="setUp()[pri:0, instance:com.hero.qa.testcases.TablesTest@2833cc44]" name="setUp" is-config="true" duration-ms="4896" started-at="2020-11-01T18:36:50 MST" finished-at="2020-11-01T18:36:55 MST">
          <reporter-output>
          </reporter-output>
        </test-method> <!-- setUp -->
        <test-method status="PASS" signature="sortByFirstName()[pri:2, instance:com.hero.qa.testcases.TablesTest@2833cc44]" name="sortByFirstName" duration-ms="772" started-at="2020-11-01T18:36:55 MST" finished-at="2020-11-01T18:36:55 MST">
          <reporter-output>
          </reporter-output>
        </test-method> <!-- sortByFirstName -->
        <test-method status="PASS" signature="tearDown()[pri:0, instance:com.hero.qa.testcases.TablesTest@2833cc44]" name="tearDown" is-config="true" duration-ms="701" started-at="2020-11-01T18:36:55 MST" finished-at="2020-11-01T18:36:56 MST">
          <reporter-output>
          </reporter-output>
        </test-method> <!-- tearDown -->
      </class> <!-- com.hero.qa.testcases.TablesTest -->
      <class name="com.hero.qa.testcases.SecureTest">
        <test-method status="PASS" signature="setUp()[pri:0, instance:com.hero.qa.testcases.SecureTest@3712b94]" name="setUp" is-config="true" duration-ms="5226" started-at="2020-11-01T18:36:35 MST" finished-at="2020-11-01T18:36:40 MST">
          <reporter-output>
          </reporter-output>
        </test-method> <!-- setUp -->
        <test-method status="PASS" signature="saveContactWithNoValueAdded()[pri:0, instance:com.hero.qa.testcases.SecureTest@3712b94]" name="saveContactWithNoValueAdded" duration-ms="1530" started-at="2020-11-01T18:36:40 MST" finished-at="2020-11-01T18:36:42 MST">
          <reporter-output>
          </reporter-output>
        </test-method> <!-- saveContactWithNoValueAdded -->
        <test-method status="PASS" signature="tearDown()[pri:0, instance:com.hero.qa.testcases.SecureTest@3712b94]" name="tearDown" is-config="true" duration-ms="809" started-at="2020-11-01T18:36:42 MST" finished-at="2020-11-01T18:36:43 MST">
          <reporter-output>
          </reporter-output>
        </test-method> <!-- tearDown -->
      </class> <!-- com.hero.qa.testcases.SecureTest -->
      <class name="com.hero.qa.testcases.LoginPageTest">
        <test-method status="PASS" signature="setUp()[pri:0, instance:com.hero.qa.testcases.LoginPageTest@4d41cee]" name="setUp" is-config="true" duration-ms="9049" started-at="2020-11-01T18:34:29 MST" finished-at="2020-11-01T18:34:38 MST">
          <reporter-output>
          </reporter-output>
        </test-method> <!-- setUp -->
        <test-method status="PASS" signature="loginTest()[pri:1, instance:com.hero.qa.testcases.LoginPageTest@4d41cee]" name="loginTest" duration-ms="1411" started-at="2020-11-01T18:34:38 MST" finished-at="2020-11-01T18:34:39 MST">
          <reporter-output>
          </reporter-output>
        </test-method> <!-- loginTest -->
        <test-method status="PASS" signature="tearDown()[pri:0, instance:com.hero.qa.testcases.LoginPageTest@4d41cee]" name="tearDown" is-config="true" duration-ms="760" started-at="2020-11-01T18:34:39 MST" finished-at="2020-11-01T18:34:40 MST">
          <reporter-output>
          </reporter-output>
        </test-method> <!-- tearDown -->
        <test-method status="PASS" signature="setUp()[pri:0, instance:com.hero.qa.testcases.LoginPageTest@4d41cee]" name="setUp" is-config="true" duration-ms="4912" started-at="2020-11-01T18:34:40 MST" finished-at="2020-11-01T18:34:45 MST">
          <reporter-output>
          </reporter-output>
        </test-method> <!-- setUp -->
        <test-method status="PASS" signature="UserNameInvalid1()[pri:2, instance:com.hero.qa.testcases.LoginPageTest@4d41cee]" name="UserNameInvalid1" duration-ms="954" started-at="2020-11-01T18:34:45 MST" finished-at="2020-11-01T18:34:46 MST">
          <reporter-output>
          </reporter-output>
        </test-method> <!-- UserNameInvalid1 -->
        <test-method status="PASS" signature="tearDown()[pri:0, instance:com.hero.qa.testcases.LoginPageTest@4d41cee]" name="tearDown" is-config="true" duration-ms="683" started-at="2020-11-01T18:34:46 MST" finished-at="2020-11-01T18:34:47 MST">
          <reporter-output>
          </reporter-output>
        </test-method> <!-- tearDown -->
        <test-method status="PASS" signature="setUp()[pri:0, instance:com.hero.qa.testcases.LoginPageTest@4d41cee]" name="setUp" is-config="true" duration-ms="5039" started-at="2020-11-01T18:34:47 MST" finished-at="2020-11-01T18:34:52 MST">
          <reporter-output>
          </reporter-output>
        </test-method> <!-- setUp -->
        <test-method status="PASS" signature="UserNameInvalid2()[pri:3, instance:com.hero.qa.testcases.LoginPageTest@4d41cee]" name="UserNameInvalid2" duration-ms="754" started-at="2020-11-01T18:34:52 MST" finished-at="2020-11-01T18:34:53 MST">
          <reporter-output>
          </reporter-output>
        </test-method> <!-- UserNameInvalid2 -->
        <test-method status="PASS" signature="tearDown()[pri:0, instance:com.hero.qa.testcases.LoginPageTest@4d41cee]" name="tearDown" is-config="true" duration-ms="676" started-at="2020-11-01T18:34:53 MST" finished-at="2020-11-01T18:34:53 MST">
          <reporter-output>
          </reporter-output>
        </test-method> <!-- tearDown -->
        <test-method status="PASS" signature="setUp()[pri:0, instance:com.hero.qa.testcases.LoginPageTest@4d41cee]" name="setUp" is-config="true" duration-ms="5281" started-at="2020-11-01T18:34:53 MST" finished-at="2020-11-01T18:34:58 MST">
          <reporter-output>
          </reporter-output>
        </test-method> <!-- setUp -->
        <test-method status="PASS" signature="UserNameInvalid3()[pri:4, instance:com.hero.qa.testcases.LoginPageTest@4d41cee]" name="UserNameInvalid3" duration-ms="951" started-at="2020-11-01T18:34:58 MST" finished-at="2020-11-01T18:34:59 MST">
          <reporter-output>
          </reporter-output>
        </test-method> <!-- UserNameInvalid3 -->
        <test-method status="PASS" signature="tearDown()[pri:0, instance:com.hero.qa.testcases.LoginPageTest@4d41cee]" name="tearDown" is-config="true" duration-ms="1218" started-at="2020-11-01T18:34:59 MST" finished-at="2020-11-01T18:35:01 MST">
          <reporter-output>
          </reporter-output>
        </test-method> <!-- tearDown -->
        <test-method status="PASS" signature="setUp()[pri:0, instance:com.hero.qa.testcases.LoginPageTest@4d41cee]" name="setUp" is-config="true" duration-ms="5200" started-at="2020-11-01T18:35:01 MST" finished-at="2020-11-01T18:35:06 MST">
          <reporter-output>
          </reporter-output>
        </test-method> <!-- setUp -->
        <test-method status="PASS" signature="UserNameInvalid4()[pri:5, instance:com.hero.qa.testcases.LoginPageTest@4d41cee]" name="UserNameInvalid4" duration-ms="1019" started-at="2020-11-01T18:35:06 MST" finished-at="2020-11-01T18:35:07 MST">
          <reporter-output>
          </reporter-output>
        </test-method> <!-- UserNameInvalid4 -->
        <test-method status="PASS" signature="tearDown()[pri:0, instance:com.hero.qa.testcases.LoginPageTest@4d41cee]" name="tearDown" is-config="true" duration-ms="788" started-at="2020-11-01T18:35:07 MST" finished-at="2020-11-01T18:35:08 MST">
          <reporter-output>
          </reporter-output>
        </test-method> <!-- tearDown -->
        <test-method status="PASS" signature="setUp()[pri:0, instance:com.hero.qa.testcases.LoginPageTest@4d41cee]" name="setUp" is-config="true" duration-ms="4980" started-at="2020-11-01T18:35:08 MST" finished-at="2020-11-01T18:35:13 MST">
          <reporter-output>
          </reporter-output>
        </test-method> <!-- setUp -->
        <test-method status="PASS" signature="UserNameInvalid5()[pri:6, instance:com.hero.qa.testcases.LoginPageTest@4d41cee]" name="UserNameInvalid5" duration-ms="894" started-at="2020-11-01T18:35:13 MST" finished-at="2020-11-01T18:35:14 MST">
          <reporter-output>
          </reporter-output>
        </test-method> <!-- UserNameInvalid5 -->
        <test-method status="PASS" signature="tearDown()[pri:0, instance:com.hero.qa.testcases.LoginPageTest@4d41cee]" name="tearDown" is-config="true" duration-ms="677" started-at="2020-11-01T18:35:14 MST" finished-at="2020-11-01T18:35:14 MST">
          <reporter-output>
          </reporter-output>
        </test-method> <!-- tearDown -->
        <test-method status="PASS" signature="setUp()[pri:0, instance:com.hero.qa.testcases.LoginPageTest@4d41cee]" name="setUp" is-config="true" duration-ms="4947" started-at="2020-11-01T18:35:14 MST" finished-at="2020-11-01T18:35:19 MST">
          <reporter-output>
          </reporter-output>
        </test-method> <!-- setUp -->
        <test-method status="PASS" signature="UserNameInvalid6()[pri:7, instance:com.hero.qa.testcases.LoginPageTest@4d41cee]" name="UserNameInvalid6" duration-ms="720" started-at="2020-11-01T18:35:19 MST" finished-at="2020-11-01T18:35:20 MST">
          <reporter-output>
          </reporter-output>
        </test-method> <!-- UserNameInvalid6 -->
        <test-method status="PASS" signature="tearDown()[pri:0, instance:com.hero.qa.testcases.LoginPageTest@4d41cee]" name="tearDown" is-config="true" duration-ms="671" started-at="2020-11-01T18:35:20 MST" finished-at="2020-11-01T18:35:21 MST">
          <reporter-output>
          </reporter-output>
        </test-method> <!-- tearDown -->
        <test-method status="PASS" signature="setUp()[pri:0, instance:com.hero.qa.testcases.LoginPageTest@4d41cee]" name="setUp" is-config="true" duration-ms="5053" started-at="2020-11-01T18:35:21 MST" finished-at="2020-11-01T18:35:26 MST">
          <reporter-output>
          </reporter-output>
        </test-method> <!-- setUp -->
        <test-method status="PASS" signature="UserNameInvalid7()[pri:8, instance:com.hero.qa.testcases.LoginPageTest@4d41cee]" name="UserNameInvalid7" duration-ms="702" started-at="2020-11-01T18:35:26 MST" finished-at="2020-11-01T18:35:26 MST">
          <reporter-output>
          </reporter-output>
        </test-method> <!-- UserNameInvalid7 -->
        <test-method status="PASS" signature="tearDown()[pri:0, instance:com.hero.qa.testcases.LoginPageTest@4d41cee]" name="tearDown" is-config="true" duration-ms="692" started-at="2020-11-01T18:35:26 MST" finished-at="2020-11-01T18:35:27 MST">
          <reporter-output>
          </reporter-output>
        </test-method> <!-- tearDown -->
        <test-method status="PASS" signature="setUp()[pri:0, instance:com.hero.qa.testcases.LoginPageTest@4d41cee]" name="setUp" is-config="true" duration-ms="5080" started-at="2020-11-01T18:35:27 MST" finished-at="2020-11-01T18:35:32 MST">
          <reporter-output>
          </reporter-output>
        </test-method> <!-- setUp -->
        <test-method status="PASS" signature="UserNameInvalid8()[pri:9, instance:com.hero.qa.testcases.LoginPageTest@4d41cee]" name="UserNameInvalid8" duration-ms="755" started-at="2020-11-01T18:35:32 MST" finished-at="2020-11-01T18:35:33 MST">
          <reporter-output>
          </reporter-output>
        </test-method> <!-- UserNameInvalid8 -->
        <test-method status="PASS" signature="tearDown()[pri:0, instance:com.hero.qa.testcases.LoginPageTest@4d41cee]" name="tearDown" is-config="true" duration-ms="687" started-at="2020-11-01T18:35:33 MST" finished-at="2020-11-01T18:35:34 MST">
          <reporter-output>
          </reporter-output>
        </test-method> <!-- tearDown -->
        <test-method status="PASS" signature="setUp()[pri:0, instance:com.hero.qa.testcases.LoginPageTest@4d41cee]" name="setUp" is-config="true" duration-ms="4856" started-at="2020-11-01T18:35:34 MST" finished-at="2020-11-01T18:35:38 MST">
          <reporter-output>
          </reporter-output>
        </test-method> <!-- setUp -->
        <test-method status="PASS" signature="UserNameInvalid9()[pri:10, instance:com.hero.qa.testcases.LoginPageTest@4d41cee]" name="UserNameInvalid9" duration-ms="891" started-at="2020-11-01T18:35:38 MST" finished-at="2020-11-01T18:35:39 MST">
          <reporter-output>
          </reporter-output>
        </test-method> <!-- UserNameInvalid9 -->
        <test-method status="PASS" signature="tearDown()[pri:0, instance:com.hero.qa.testcases.LoginPageTest@4d41cee]" name="tearDown" is-config="true" duration-ms="681" started-at="2020-11-01T18:35:39 MST" finished-at="2020-11-01T18:35:40 MST">
          <reporter-output>
          </reporter-output>
        </test-method> <!-- tearDown -->
        <test-method status="PASS" signature="setUp()[pri:0, instance:com.hero.qa.testcases.LoginPageTest@4d41cee]" name="setUp" is-config="true" duration-ms="4890" started-at="2020-11-01T18:35:40 MST" finished-at="2020-11-01T18:35:45 MST">
          <reporter-output>
          </reporter-output>
        </test-method> <!-- setUp -->
        <test-method status="PASS" signature="UserNameInvalid10()[pri:11, instance:com.hero.qa.testcases.LoginPageTest@4d41cee]" name="UserNameInvalid10" duration-ms="732" started-at="2020-11-01T18:35:45 MST" finished-at="2020-11-01T18:35:46 MST">
          <reporter-output>
          </reporter-output>
        </test-method> <!-- UserNameInvalid10 -->
        <test-method status="PASS" signature="tearDown()[pri:0, instance:com.hero.qa.testcases.LoginPageTest@4d41cee]" name="tearDown" is-config="true" duration-ms="725" started-at="2020-11-01T18:35:46 MST" finished-at="2020-11-01T18:35:46 MST">
          <reporter-output>
          </reporter-output>
        </test-method> <!-- tearDown -->
        <test-method status="PASS" signature="setUp()[pri:0, instance:com.hero.qa.testcases.LoginPageTest@4d41cee]" name="setUp" is-config="true" duration-ms="4778" started-at="2020-11-01T18:35:46 MST" finished-at="2020-11-01T18:35:51 MST">
          <reporter-output>
          </reporter-output>
        </test-method> <!-- setUp -->
        <test-method status="PASS" signature="UserNameInvalid11()[pri:12, instance:com.hero.qa.testcases.LoginPageTest@4d41cee]" name="UserNameInvalid11" duration-ms="725" started-at="2020-11-01T18:35:51 MST" finished-at="2020-11-01T18:35:52 MST">
          <reporter-output>
          </reporter-output>
        </test-method> <!-- UserNameInvalid11 -->
        <test-method status="PASS" signature="tearDown()[pri:0, instance:com.hero.qa.testcases.LoginPageTest@4d41cee]" name="tearDown" is-config="true" duration-ms="677" started-at="2020-11-01T18:35:52 MST" finished-at="2020-11-01T18:35:52 MST">
          <reporter-output>
          </reporter-output>
        </test-method> <!-- tearDown -->
        <test-method status="PASS" signature="setUp()[pri:0, instance:com.hero.qa.testcases.LoginPageTest@4d41cee]" name="setUp" is-config="true" duration-ms="5714" started-at="2020-11-01T18:35:52 MST" finished-at="2020-11-01T18:35:58 MST">
          <reporter-output>
          </reporter-output>
        </test-method> <!-- setUp -->
        <test-method status="PASS" signature="UserNameInvalid12()[pri:13, instance:com.hero.qa.testcases.LoginPageTest@4d41cee]" name="UserNameInvalid12" duration-ms="833" started-at="2020-11-01T18:35:58 MST" finished-at="2020-11-01T18:35:59 MST">
          <reporter-output>
          </reporter-output>
        </test-method> <!-- UserNameInvalid12 -->
        <test-method status="PASS" signature="tearDown()[pri:0, instance:com.hero.qa.testcases.LoginPageTest@4d41cee]" name="tearDown" is-config="true" duration-ms="1357" started-at="2020-11-01T18:35:59 MST" finished-at="2020-11-01T18:36:00 MST">
          <reporter-output>
          </reporter-output>
        </test-method> <!-- tearDown -->
        <test-method status="PASS" signature="setUp()[pri:0, instance:com.hero.qa.testcases.LoginPageTest@4d41cee]" name="setUp" is-config="true" duration-ms="4912" started-at="2020-11-01T18:36:00 MST" finished-at="2020-11-01T18:36:05 MST">
          <reporter-output>
          </reporter-output>
        </test-method> <!-- setUp -->
        <test-method status="PASS" signature="UserNameInvalid13()[pri:14, instance:com.hero.qa.testcases.LoginPageTest@4d41cee]" name="UserNameInvalid13" duration-ms="794" started-at="2020-11-01T18:36:05 MST" finished-at="2020-11-01T18:36:06 MST">
          <reporter-output>
          </reporter-output>
        </test-method> <!-- UserNameInvalid13 -->
        <test-method status="PASS" signature="tearDown()[pri:0, instance:com.hero.qa.testcases.LoginPageTest@4d41cee]" name="tearDown" is-config="true" duration-ms="712" started-at="2020-11-01T18:36:06 MST" finished-at="2020-11-01T18:36:07 MST">
          <reporter-output>
          </reporter-output>
        </test-method> <!-- tearDown -->
        <test-method status="PASS" signature="setUp()[pri:0, instance:com.hero.qa.testcases.LoginPageTest@4d41cee]" name="setUp" is-config="true" duration-ms="5403" started-at="2020-11-01T18:36:07 MST" finished-at="2020-11-01T18:36:12 MST">
          <reporter-output>
          </reporter-output>
        </test-method> <!-- setUp -->
        <test-method status="PASS" signature="UserNameInvalid14()[pri:15, instance:com.hero.qa.testcases.LoginPageTest@4d41cee]" name="UserNameInvalid14" duration-ms="830" started-at="2020-11-01T18:36:12 MST" finished-at="2020-11-01T18:36:13 MST">
          <reporter-output>
          </reporter-output>
        </test-method> <!-- UserNameInvalid14 -->
        <test-method status="PASS" signature="tearDown()[pri:0, instance:com.hero.qa.testcases.LoginPageTest@4d41cee]" name="tearDown" is-config="true" duration-ms="769" started-at="2020-11-01T18:36:13 MST" finished-at="2020-11-01T18:36:14 MST">
          <reporter-output>
          </reporter-output>
        </test-method> <!-- tearDown -->
        <test-method status="PASS" signature="setUp()[pri:0, instance:com.hero.qa.testcases.LoginPageTest@4d41cee]" name="setUp" is-config="true" duration-ms="5166" started-at="2020-11-01T18:36:14 MST" finished-at="2020-11-01T18:36:19 MST">
          <reporter-output>
          </reporter-output>
        </test-method> <!-- setUp -->
        <test-method status="PASS" signature="UserNameInvalid15()[pri:16, instance:com.hero.qa.testcases.LoginPageTest@4d41cee]" name="UserNameInvalid15" duration-ms="723" started-at="2020-11-01T18:36:19 MST" finished-at="2020-11-01T18:36:20 MST">
          <reporter-output>
          </reporter-output>
        </test-method> <!-- UserNameInvalid15 -->
        <test-method status="PASS" signature="tearDown()[pri:0, instance:com.hero.qa.testcases.LoginPageTest@4d41cee]" name="tearDown" is-config="true" duration-ms="684" started-at="2020-11-01T18:36:20 MST" finished-at="2020-11-01T18:36:20 MST">
          <reporter-output>
          </reporter-output>
        </test-method> <!-- tearDown -->
        <test-method status="PASS" signature="setUp()[pri:0, instance:com.hero.qa.testcases.LoginPageTest@4d41cee]" name="setUp" is-config="true" duration-ms="5353" started-at="2020-11-01T18:36:20 MST" finished-at="2020-11-01T18:36:26 MST">
          <reporter-output>
          </reporter-output>
        </test-method> <!-- setUp -->
        <test-method status="PASS" signature="UserNameInvalid16()[pri:17, instance:com.hero.qa.testcases.LoginPageTest@4d41cee]" name="UserNameInvalid16" duration-ms="729" started-at="2020-11-01T18:36:26 MST" finished-at="2020-11-01T18:36:26 MST">
          <reporter-output>
          </reporter-output>
        </test-method> <!-- UserNameInvalid16 -->
        <test-method status="PASS" signature="tearDown()[pri:0, instance:com.hero.qa.testcases.LoginPageTest@4d41cee]" name="tearDown" is-config="true" duration-ms="689" started-at="2020-11-01T18:36:26 MST" finished-at="2020-11-01T18:36:27 MST">
          <reporter-output>
          </reporter-output>
        </test-method> <!-- tearDown -->
        <test-method status="PASS" signature="setUp()[pri:0, instance:com.hero.qa.testcases.LoginPageTest@4d41cee]" name="setUp" is-config="true" duration-ms="6212" started-at="2020-11-01T18:36:27 MST" finished-at="2020-11-01T18:36:33 MST">
          <reporter-output>
          </reporter-output>
        </test-method> <!-- setUp -->
        <test-method status="PASS" signature="UserNameInvalid17()[pri:18, instance:com.hero.qa.testcases.LoginPageTest@4d41cee]" name="UserNameInvalid17" duration-ms="862" started-at="2020-11-01T18:36:33 MST" finished-at="2020-11-01T18:36:34 MST">
          <reporter-output>
          </reporter-output>
        </test-method> <!-- UserNameInvalid17 -->
        <test-method status="PASS" signature="tearDown()[pri:0, instance:com.hero.qa.testcases.LoginPageTest@4d41cee]" name="tearDown" is-config="true" duration-ms="712" started-at="2020-11-01T18:36:34 MST" finished-at="2020-11-01T18:36:35 MST">
          <reporter-output>
          </reporter-output>
        </test-method> <!-- tearDown -->
      </class> <!-- com.hero.qa.testcases.LoginPageTest -->
      <class name="com.hero.qa.testcases.DynamicControlsTest">
        <test-method status="PASS" signature="setUp()[pri:0, instance:com.hero.qa.testcases.DynamicControlsTest@27a8c74e]" name="setUp" is-config="true" duration-ms="5620" started-at="2020-11-01T18:37:02 MST" finished-at="2020-11-01T18:37:08 MST">
          <reporter-output>
          </reporter-output>
        </test-method> <!-- setUp -->
        <test-method status="PASS" signature="VerifyDynamicControls()[pri:1, instance:com.hero.qa.testcases.DynamicControlsTest@27a8c74e]" name="VerifyDynamicControls" duration-ms="7358" started-at="2020-11-01T18:37:08 MST" finished-at="2020-11-01T18:37:15 MST">
          <reporter-output>
          </reporter-output>
        </test-method> <!-- VerifyDynamicControls -->
        <test-method status="PASS" signature="tearDown()[pri:0, instance:com.hero.qa.testcases.DynamicControlsTest@27a8c74e]" name="tearDown" is-config="true" duration-ms="735" started-at="2020-11-01T18:37:15 MST" finished-at="2020-11-01T18:37:16 MST">
          <reporter-output>
          </reporter-output>
        </test-method> <!-- tearDown -->
      </class> <!-- com.hero.qa.testcases.DynamicControlsTest -->
    </test> <!-- UI QA Code Challange Test cases -->
  </suite> <!-- Test UI QA Code Challange -->
</testng-results>
