<?xml version="1.0" encoding="UTF-8"?>
<testng-results skipped="0" failed="0" ignored="0" total="7" passed="7">
  <reporter-output>
  </reporter-output>
  <suite name="Test UI QA Code Challange" duration-ms="78588" started-at="2020-11-01T23:27:14 MST" finished-at="2020-11-01T23:28:33 MST">
    <groups>
    </groups>
    <test name="UI QA Code Challange Test cases" duration-ms="78588" started-at="2020-11-01T23:27:14 MST" finished-at="2020-11-01T23:28:33 MST">
      <class name="com.hero.qa.testcases.WindowsTest">
        <test-method status="PASS" signature="setUp()[pri:0, instance:com.hero.qa.testcases.WindowsTest@33f88ab]" name="setUp" is-config="true" duration-ms="4743" started-at="2020-11-01T23:27:57 MST" finished-at="2020-11-01T23:28:02 MST">
          <reporter-output>
          </reporter-output>
        </test-method> <!-- setUp -->
        <test-method status="PASS" signature="VerifyNewtabCreated()[pri:0, instance:com.hero.qa.testcases.WindowsTest@33f88ab]" name="VerifyNewtabCreated" duration-ms="192" started-at="2020-11-01T23:28:02 MST" finished-at="2020-11-01T23:28:02 MST">
          <reporter-output>
          </reporter-output>
        </test-method> <!-- VerifyNewtabCreated -->
        <test-method status="PASS" signature="tearDown()[pri:0, instance:com.hero.qa.testcases.WindowsTest@33f88ab]" name="tearDown" is-config="true" duration-ms="795" started-at="2020-11-01T23:28:02 MST" finished-at="2020-11-01T23:28:03 MST">
          <reporter-output>
          </reporter-output>
        </test-method> <!-- tearDown -->
      </class> <!-- com.hero.qa.testcases.WindowsTest -->
      <class name="com.hero.qa.testcases.ExitIntentTest">
        <test-method status="PASS" signature="setUp()[pri:0, instance:com.hero.qa.testcases.ExitIntentTest@2d8f65a4]" name="setUp" is-config="true" duration-ms="7208" started-at="2020-11-01T23:28:24 MST" finished-at="2020-11-01T23:28:31 MST">
          <reporter-output>
          </reporter-output>
        </test-method> <!-- setUp -->
        <test-method status="PASS" signature="verifyExitIntent()[pri:0, instance:com.hero.qa.testcases.ExitIntentTest@2d8f65a4]" name="verifyExitIntent" duration-ms="445" started-at="2020-11-01T23:28:31 MST" finished-at="2020-11-01T23:28:31 MST">
          <reporter-output>
          </reporter-output>
        </test-method> <!-- verifyExitIntent -->
        <test-method status="PASS" signature="tearDown()[pri:0, instance:com.hero.qa.testcases.ExitIntentTest@2d8f65a4]" name="tearDown" is-config="true" duration-ms="1229" started-at="2020-11-01T23:28:31 MST" finished-at="2020-11-01T23:28:33 MST">
          <reporter-output>
          </reporter-output>
        </test-method> <!-- tearDown -->
      </class> <!-- com.hero.qa.testcases.ExitIntentTest -->
      <class name="com.hero.qa.testcases.TablesTest">
        <test-method status="PASS" signature="setUp()[pri:0, instance:com.hero.qa.testcases.TablesTest@2833cc44]" name="setUp" is-config="true" duration-ms="5127" started-at="2020-11-01T23:27:43 MST" finished-at="2020-11-01T23:27:48 MST">
          <reporter-output>
          </reporter-output>
        </test-method> <!-- setUp -->
        <test-method status="PASS" signature="sortByLastName()[pri:1, instance:com.hero.qa.testcases.TablesTest@2833cc44]" name="sortByLastName" duration-ms="837" started-at="2020-11-01T23:27:48 MST" finished-at="2020-11-01T23:27:49 MST">
          <reporter-output>
          </reporter-output>
        </test-method> <!-- sortByLastName -->
        <test-method status="PASS" signature="tearDown()[pri:0, instance:com.hero.qa.testcases.TablesTest@2833cc44]" name="tearDown" is-config="true" duration-ms="1188" started-at="2020-11-01T23:27:49 MST" finished-at="2020-11-01T23:27:50 MST">
          <reporter-output>
          </reporter-output>
        </test-method> <!-- tearDown -->
        <test-method status="PASS" signature="setUp()[pri:0, instance:com.hero.qa.testcases.TablesTest@2833cc44]" name="setUp" is-config="true" duration-ms="4899" started-at="2020-11-01T23:27:50 MST" finished-at="2020-11-01T23:27:55 MST">
          <reporter-output>
          </reporter-output>
        </test-method> <!-- setUp -->
        <test-method status="PASS" signature="sortByFirstName()[pri:2, instance:com.hero.qa.testcases.TablesTest@2833cc44]" name="sortByFirstName" duration-ms="731" started-at="2020-11-01T23:27:55 MST" finished-at="2020-11-01T23:27:56 MST">
          <reporter-output>
          </reporter-output>
        </test-method> <!-- sortByFirstName -->
        <test-method status="PASS" signature="tearDown()[pri:0, instance:com.hero.qa.testcases.TablesTest@2833cc44]" name="tearDown" is-config="true" duration-ms="1174" started-at="2020-11-01T23:27:56 MST" finished-at="2020-11-01T23:27:57 MST">
          <reporter-output>
          </reporter-output>
        </test-method> <!-- tearDown -->
      </class> <!-- com.hero.qa.testcases.TablesTest -->
      <class name="com.hero.qa.testcases.SecureTest">
        <test-method status="PASS" signature="setUp()[pri:0, instance:com.hero.qa.testcases.SecureTest@3712b94]" name="setUp" is-config="true" duration-ms="5274" started-at="2020-11-01T23:27:36 MST" finished-at="2020-11-01T23:27:41 MST">
          <reporter-output>
          </reporter-output>
        </test-method> <!-- setUp -->
        <test-method status="PASS" signature="saveContactWithNoValueAdded()[pri:0, instance:com.hero.qa.testcases.SecureTest@3712b94]" name="saveContactWithNoValueAdded" duration-ms="1462" started-at="2020-11-01T23:27:41 MST" finished-at="2020-11-01T23:27:42 MST">
          <reporter-output>
          </reporter-output>
        </test-method> <!-- saveContactWithNoValueAdded -->
        <test-method status="PASS" signature="tearDown()[pri:0, instance:com.hero.qa.testcases.SecureTest@3712b94]" name="tearDown" is-config="true" duration-ms="738" started-at="2020-11-01T23:27:42 MST" finished-at="2020-11-01T23:27:43 MST">
          <reporter-output>
          </reporter-output>
        </test-method> <!-- tearDown -->
      </class> <!-- com.hero.qa.testcases.SecureTest -->
      <class name="com.hero.qa.testcases.LoginPageTest">
        <test-method status="PASS" signature="setUp()[pri:0, instance:com.hero.qa.testcases.LoginPageTest@4d41cee]" name="setUp" is-config="true" duration-ms="6560" started-at="2020-11-01T23:27:14 MST" finished-at="2020-11-01T23:27:21 MST">
          <reporter-output>
          </reporter-output>
        </test-method> <!-- setUp -->
        <test-method status="PASS" signature="validateLogin()[pri:0, instance:com.hero.qa.testcases.LoginPageTest@4d41cee]" name="validateLogin" duration-ms="14142" started-at="2020-11-01T23:27:21 MST" finished-at="2020-11-01T23:27:35 MST">
          <reporter-output>
          </reporter-output>
        </test-method> <!-- validateLogin -->
        <test-method status="PASS" signature="tearDown()[pri:0, instance:com.hero.qa.testcases.LoginPageTest@4d41cee]" name="tearDown" is-config="true" duration-ms="783" started-at="2020-11-01T23:27:35 MST" finished-at="2020-11-01T23:27:36 MST">
          <reporter-output>
          </reporter-output>
        </test-method> <!-- tearDown -->
      </class> <!-- com.hero.qa.testcases.LoginPageTest -->
      <class name="com.hero.qa.testcases.DynamicControlsTest">
        <test-method status="PASS" signature="setUp()[pri:0, instance:com.hero.qa.testcases.DynamicControlsTest@27a8c74e]" name="setUp" is-config="true" duration-ms="12808" started-at="2020-11-01T23:28:03 MST" finished-at="2020-11-01T23:28:16 MST">
          <reporter-output>
          </reporter-output>
        </test-method> <!-- setUp -->
        <test-method status="PASS" signature="VerifyDynamicControls()[pri:1, instance:com.hero.qa.testcases.DynamicControlsTest@27a8c74e]" name="VerifyDynamicControls" duration-ms="7373" started-at="2020-11-01T23:28:16 MST" finished-at="2020-11-01T23:28:23 MST">
          <reporter-output>
          </reporter-output>
        </test-method> <!-- VerifyDynamicControls -->
        <test-method status="PASS" signature="tearDown()[pri:0, instance:com.hero.qa.testcases.DynamicControlsTest@27a8c74e]" name="tearDown" is-config="true" duration-ms="799" started-at="2020-11-01T23:28:23 MST" finished-at="2020-11-01T23:28:24 MST">
          <reporter-output>
          </reporter-output>
        </test-method> <!-- tearDown -->
      </class> <!-- com.hero.qa.testcases.DynamicControlsTest -->
    </test> <!-- UI QA Code Challange Test cases -->
  </suite> <!-- Test UI QA Code Challange -->
</testng-results>
