<?xml version="1.0" encoding="UTF-8"?>
<testng-results skipped="0" failed="0" ignored="0" total="1" passed="1">
  <reporter-output>
  </reporter-output>
  <suite name="Default suite" duration-ms="19212" started-at="2020-11-01T21:50:16 MST" finished-at="2020-11-01T21:50:35 MST">
    <groups>
    </groups>
    <test name="Default test" duration-ms="19212" started-at="2020-11-01T21:50:16 MST" finished-at="2020-11-01T21:50:35 MST">
      <class name="com.hero.qa.testcases.LoginPageTest">
        <test-method status="PASS" signature="setUp()[pri:0, instance:com.hero.qa.testcases.LoginPageTest@4d95d2a2]" name="setUp" is-config="true" duration-ms="6598" started-at="2020-11-01T21:50:16 MST" finished-at="2020-11-01T21:50:22 MST">
          <reporter-output>
          </reporter-output>
        </test-method> <!-- setUp -->
        <test-method status="PASS" signature="UserNameInvalidMain()[pri:1, instance:com.hero.qa.testcases.LoginPageTest@4d95d2a2]" name="UserNameInvalidMain" duration-ms="12551" started-at="2020-11-01T21:50:22 MST" finished-at="2020-11-01T21:50:35 MST">
          <reporter-output>
          </reporter-output>
        </test-method> <!-- UserNameInvalidMain -->
      </class> <!-- com.hero.qa.testcases.LoginPageTest -->
    </test> <!-- Default test -->
  </suite> <!-- Default suite -->
</testng-results>
